<?xml version="1.0" encoding="UTF-8"?>
<testng-results ignored="0" total="1" passed="1" failed="0" skipped="0">
  <reporter-output>
  </reporter-output>
  <suite started-at="2023-01-19T20:31:37 IST" name="Suite" finished-at="2023-01-19T20:32:07 IST" duration-ms="29385">
    <groups>
    </groups>
    <test started-at="2023-01-19T20:31:37 IST" name="Test" finished-at="2023-01-19T20:32:07 IST" duration-ms="29385">
      <class name="PHPTravelsTest.LoginTest">
        <test-method is-config="true" signature="setup(java.lang.String)[pri:0, instance:PHPTravelsTest.LoginTest@5c33f1a9]" started-at="2023-01-19T20:31:38 IST" name="setup" finished-at="2023-01-19T20:31:53 IST" duration-ms="15131" status="PASS">
          <params>
            <param index="0">
              <value>
                <![CDATA[chrome]]>
              </value>
            </param>
          </params>
          <reporter-output>
          </reporter-output>
        </test-method> <!-- setup -->
        <test-method signature="test_Login()[pri:0, instance:PHPTravelsTest.LoginTest@5c33f1a9]" started-at="2023-01-19T20:31:53 IST" name="test_Login" finished-at="2023-01-19T20:32:07 IST" duration-ms="13575" status="PASS">
          <reporter-output>
          </reporter-output>
        </test-method> <!-- test_Login -->
        <test-method is-config="true" signature="tearDown()[pri:0, instance:PHPTravelsTest.LoginTest@5c33f1a9]" started-at="2023-01-19T20:32:07 IST" name="tearDown" finished-at="2023-01-19T20:32:07 IST" duration-ms="247" status="PASS">
          <reporter-output>
          </reporter-output>
        </test-method> <!-- tearDown -->
      </class> <!-- PHPTravelsTest.LoginTest -->
    </test> <!-- Test -->
  </suite> <!-- Suite -->
</testng-results>
