<?xml version="1.0" encoding="UTF-8"?>
<testng-results ignored="0" total="1" passed="1" failed="0" skipped="0">
  <reporter-output>
  </reporter-output>
  <suite started-at="2023-01-23T16:36:50 IST" name="Suite" finished-at="2023-01-23T16:37:24 IST" duration-ms="34114">
    <groups>
    </groups>
    <test started-at="2023-01-23T16:36:50 IST" name="Test" finished-at="2023-01-23T16:37:24 IST" duration-ms="34114">
      <class name="PHPTravelsTest.LoginTest">
        <test-method is-config="true" signature="setup(java.lang.String)[pri:0, instance:PHPTravelsTest.LoginTest@6ae5aa72]" started-at="2023-01-23T16:36:51 IST" name="setup" finished-at="2023-01-23T16:37:18 IST" duration-ms="26915" status="PASS">
          <params>
            <param index="0">
              <value>
                <![CDATA[chrome]]>
              </value>
            </param>
          </params>
          <reporter-output>
          </reporter-output>
        </test-method> <!-- setup -->
        <test-method signature="test_Login()[pri:0, instance:PHPTravelsTest.LoginTest@6ae5aa72]" started-at="2023-01-23T16:37:18 IST" name="test_Login" finished-at="2023-01-23T16:37:24 IST" duration-ms="6050" status="PASS">
          <reporter-output>
          </reporter-output>
        </test-method> <!-- test_Login -->
        <test-method is-config="true" signature="tearDown()[pri:0, instance:PHPTravelsTest.LoginTest@6ae5aa72]" started-at="2023-01-23T16:37:24 IST" name="tearDown" finished-at="2023-01-23T16:37:24 IST" duration-ms="374" status="PASS">
          <reporter-output>
          </reporter-output>
        </test-method> <!-- tearDown -->
      </class> <!-- PHPTravelsTest.LoginTest -->
    </test> <!-- Test -->
  </suite> <!-- Suite -->
</testng-results>
